[{"line":1,"elements":[{"start_timestamp":"2023-12-17T08:22:05.292Z","line":23,"name":"Login with valid and invalid usernames and passwords","description":"","id":"myaccount--login-feature;login-with-valid-and-invalid-usernames-and-passwords;;2","type":"scenario","keyword":"Scenario Outline","steps":[{"result":{"duration":6786026300,"status":"passed"},"line":14,"name":"Open Browser","match":{"location":"stepDefinitions.MyAccountLoginStepDefinitions.open_browser()"},"keyword":"Given "},{"result":{"duration":5465022900,"status":"passed"},"line":15,"name":"Enter the URL\"https://practice.automationtesting.in/\"","match":{"location":"stepDefinitions.MyAccountLoginStepDefinitions.enter_the_url_https_practice_automationtesting_in()"},"keyword":"When "},{"result":{"duration":163521900,"status":"passed"},"line":16,"name":"click on MyAccount Menu","match":{"location":"stepDefinitions.MyAccountLoginStepDefinitions.click_on_my_account_menu()"},"keyword":"And "},{"result":{"error_message":"org.openqa.selenium.NoSuchElementException: no such element: Unable to locate element: {\"method\":\"xpath\",\"selector\":\"//label[text()='Username or email address ']//following-sibling::input\"}\n  (Session info: chrome=120.0.6099.71)\nFor documentation on this error, please visit: https://selenium.dev/exceptions/#no_such_element\nBuild info: version: '4.8.3', revision: 'e5e76298c3'\nSystem info: os.name: 'Windows 10', os.arch: 'amd64', os.version: '10.0', java.version: '17'\nDriver info: org.openqa.selenium.chrome.ChromeDriver\nCommand: [5edddc48d35097ff78dd5fe133bf1434, findElement {using=xpath, value=//label[text()='Username or email address ']//following-sibling::input}]\nCapabilities {acceptInsecureCerts: false, browserName: chrome, browserVersion: 120.0.6099.71, chrome: {chromedriverVersion: 120.0.6099.71 (9729082fe617..., userDataDir: C:\\Users\\MURUGA~1\\AppData\\L...}, fedcm:accounts: true, goog:chromeOptions: {debuggerAddress: localhost:64497}, networkConnectionEnabled: false, pageLoadStrategy: normal, platformName: WINDOWS, proxy: Proxy(), se:cdp: ws://localhost:64497/devtoo..., se:cdpVersion: 120.0.6099.71, setWindowRect: true, strictFileInteractability: false, timeouts: {implicit: 0, pageLoad: 300000, script: 30000}, unhandledPromptBehavior: dismiss and notify, webauthn:extension:credBlob: true, webauthn:extension:largeBlob: true, webauthn:extension:minPinLength: true, webauthn:extension:prf: true, webauthn:virtualAuthenticators: true}\nSession ID: 5edddc48d35097ff78dd5fe133bf1434\r\n\tat java.base/jdk.internal.reflect.NativeConstructorAccessorImpl.newInstance0(Native Method)\r\n\tat java.base/jdk.internal.reflect.NativeConstructorAccessorImpl.newInstance(NativeConstructorAccessorImpl.java:77)\r\n\tat java.base/jdk.internal.reflect.DelegatingConstructorAccessorImpl.newInstance(DelegatingConstructorAccessorImpl.java:45)\r\n\tat java.base/java.lang.reflect.Constructor.newInstanceWithCaller(Constructor.java:499)\r\n\tat java.base/java.lang.reflect.Constructor.newInstance(Constructor.java:480)\r\n\tat org.openqa.selenium.remote.codec.w3c.W3CHttpResponseCodec.createException(W3CHttpResponseCodec.java:200)\r\n\tat org.openqa.selenium.remote.codec.w3c.W3CHttpResponseCodec.decode(W3CHttpResponseCodec.java:133)\r\n\tat org.openqa.selenium.remote.codec.w3c.W3CHttpResponseCodec.decode(W3CHttpResponseCodec.java:53)\r\n\tat org.openqa.selenium.remote.HttpCommandExecutor.execute(HttpCommandExecutor.java:193)\r\n\tat org.openqa.selenium.remote.service.DriverCommandExecutor.invokeExecute(DriverCommandExecutor.java:183)\r\n\tat org.openqa.selenium.remote.service.DriverCommandExecutor.execute(DriverCommandExecutor.java:158)\r\n\tat org.openqa.selenium.remote.RemoteWebDriver.execute(RemoteWebDriver.java:543)\r\n\tat org.openqa.selenium.remote.ElementLocation$ElementFinder$2.findElement(ElementLocation.java:162)\r\n\tat org.openqa.selenium.remote.ElementLocation.findElement(ElementLocation.java:60)\r\n\tat org.openqa.selenium.remote.RemoteWebDriver.findElement(RemoteWebDriver.java:352)\r\n\tat org.openqa.selenium.remote.RemoteWebDriver.findElement(RemoteWebDriver.java:344)\r\n\tat stepDefinitions.MyAccountLoginStepDefinitions.enter_the_valid_username_and_password(MyAccountLoginStepDefinitions.java:47)\r\n\tat ✽.Enter the valid username \"Kiran123@gmail.com\" and password \"Kiran@123\"(file:///C:/Users/Murugan%20Kiran/eclipse-workspace/Cucumberproject/Features/MyAccount-Login.feature:17)\r\n","duration":83937100,"status":"failed"},"line":17,"name":"Enter the valid username \"Kiran123@gmail.com\" and password \"Kiran@123\"","match":{"arguments":[{"val":"\"Kiran123@gmail.com\"","offset":25},{"val":"\"Kiran@123\"","offset":59}],"location":"stepDefinitions.MyAccountLoginStepDefinitions.enter_the_valid_username_and_password(java.lang.String,java.lang.String)"},"keyword":"And "},{"result":{"status":"skipped"},"line":18,"name":"Click on Login buttona","match":{"location":"stepDefinitions.MyAccountLoginStepDefinitions.click_on_login_buttona()"},"keyword":"And "},{"result":{"status":"skipped"},"line":19,"name":"user must be successfully loged into the we page","match":{"location":"stepDefinitions.MyAccountLoginStepDefinitions.user_must_be_successfully_loged_into_the_we_page()"},"keyword":"Then "}]},{"start_timestamp":"2023-12-17T08:22:18.078Z","line":24,"name":"Login with valid and invalid usernames and passwords","description":"","id":"myaccount--login-feature;login-with-valid-and-invalid-usernames-and-passwords;;3","type":"scenario","keyword":"Scenario Outline","steps":[{"result":{"duration":4288882600,"status":"passed"},"line":14,"name":"Open Browser","match":{"location":"stepDefinitions.MyAccountLoginStepDefinitions.open_browser()"},"keyword":"Given "},{"result":{"duration":6113909200,"status":"passed"},"line":15,"name":"Enter the URL\"https://practice.automationtesting.in/\"","match":{"location":"stepDefinitions.MyAccountLoginStepDefinitions.enter_the_url_https_practice_automationtesting_in()"},"keyword":"When "},{"result":{"duration":1118590900,"status":"passed"},"line":16,"name":"click on MyAccount Menu","match":{"location":"stepDefinitions.MyAccountLoginStepDefinitions.click_on_my_account_menu()"},"keyword":"And "},{"result":{"duration":416976900,"status":"passed"},"line":17,"name":"Enter the valid username \"username1\" and password \"password1\"","match":{"arguments":[{"val":"\"username1\"","offset":25},{"val":"\"password1\"","offset":50}],"location":"stepDefinitions.MyAccountLoginStepDefinitions.enter_the_valid_username_and_password(java.lang.String,java.lang.String)"},"keyword":"And "},{"result":{"duration":727815800,"status":"passed"},"line":18,"name":"Click on Login buttona","match":{"location":"stepDefinitions.MyAccountLoginStepDefinitions.click_on_login_buttona()"},"keyword":"And "},{"result":{"error_message":"org.openqa.selenium.NoSuchElementException: no such element: Unable to locate element: {\"method\":\"xpath\",\"selector\":\"//a[text()='Sign out']\"}\n  (Session info: chrome=120.0.6099.71)\nFor documentation on this error, please visit: https://selenium.dev/exceptions/#no_such_element\nBuild info: version: '4.8.3', revision: 'e5e76298c3'\nSystem info: os.name: 'Windows 10', os.arch: 'amd64', os.version: '10.0', java.version: '17'\nDriver info: org.openqa.selenium.chrome.ChromeDriver\nCommand: [ba719449bb506bd8e8b87b64083bcf98, findElement {using=xpath, value=//a[text()='Sign out']}]\nCapabilities {acceptInsecureCerts: false, browserName: chrome, browserVersion: 120.0.6099.71, chrome: {chromedriverVersion: 120.0.6099.71 (9729082fe617..., userDataDir: C:\\Users\\MURUGA~1\\AppData\\L...}, fedcm:accounts: true, goog:chromeOptions: {debuggerAddress: localhost:64546}, networkConnectionEnabled: false, pageLoadStrategy: normal, platformName: WINDOWS, proxy: Proxy(), se:cdp: ws://localhost:64546/devtoo..., se:cdpVersion: 120.0.6099.71, setWindowRect: true, strictFileInteractability: false, timeouts: {implicit: 0, pageLoad: 300000, script: 30000}, unhandledPromptBehavior: dismiss and notify, webauthn:extension:credBlob: true, webauthn:extension:largeBlob: true, webauthn:extension:minPinLength: true, webauthn:extension:prf: true, webauthn:virtualAuthenticators: true}\nSession ID: ba719449bb506bd8e8b87b64083bcf98\r\n\tat java.base/jdk.internal.reflect.NativeConstructorAccessorImpl.newInstance0(Native Method)\r\n\tat java.base/jdk.internal.reflect.NativeConstructorAccessorImpl.newInstance(NativeConstructorAccessorImpl.java:77)\r\n\tat java.base/jdk.internal.reflect.DelegatingConstructorAccessorImpl.newInstance(DelegatingConstructorAccessorImpl.java:45)\r\n\tat java.base/java.lang.reflect.Constructor.newInstanceWithCaller(Constructor.java:499)\r\n\tat java.base/java.lang.reflect.Constructor.newInstance(Constructor.java:480)\r\n\tat org.openqa.selenium.remote.codec.w3c.W3CHttpResponseCodec.createException(W3CHttpResponseCodec.java:200)\r\n\tat org.openqa.selenium.remote.codec.w3c.W3CHttpResponseCodec.decode(W3CHttpResponseCodec.java:133)\r\n\tat org.openqa.selenium.remote.codec.w3c.W3CHttpResponseCodec.decode(W3CHttpResponseCodec.java:53)\r\n\tat org.openqa.selenium.remote.HttpCommandExecutor.execute(HttpCommandExecutor.java:193)\r\n\tat org.openqa.selenium.remote.service.DriverCommandExecutor.invokeExecute(DriverCommandExecutor.java:183)\r\n\tat org.openqa.selenium.remote.service.DriverCommandExecutor.execute(DriverCommandExecutor.java:158)\r\n\tat org.openqa.selenium.remote.RemoteWebDriver.execute(RemoteWebDriver.java:543)\r\n\tat org.openqa.selenium.remote.ElementLocation$ElementFinder$2.findElement(ElementLocation.java:162)\r\n\tat org.openqa.selenium.remote.ElementLocation.findElement(ElementLocation.java:60)\r\n\tat org.openqa.selenium.remote.RemoteWebDriver.findElement(RemoteWebDriver.java:352)\r\n\tat org.openqa.selenium.remote.RemoteWebDriver.findElement(RemoteWebDriver.java:344)\r\n\tat stepDefinitions.MyAccountLoginStepDefinitions.user_must_be_successfully_loged_into_the_we_page(MyAccountLoginStepDefinitions.java:59)\r\n\tat ✽.user must be successfully loged into the we page(file:///C:/Users/Murugan%20Kiran/eclipse-workspace/Cucumberproject/Features/MyAccount-Login.feature:19)\r\n","duration":22723000,"status":"failed"},"line":19,"name":"user must be successfully loged into the we page","match":{"location":"stepDefinitions.MyAccountLoginStepDefinitions.user_must_be_successfully_loged_into_the_we_page()"},"keyword":"Then "}]},{"start_timestamp":"2023-12-17T08:22:30.786Z","line":25,"name":"Login with valid and invalid usernames and passwords","description":"","id":"myaccount--login-feature;login-with-valid-and-invalid-usernames-and-passwords;;4","type":"scenario","keyword":"Scenario Outline","steps":[{"result":{"duration":4329129000,"status":"passed"},"line":14,"name":"Open Browser","match":{"location":"stepDefinitions.MyAccountLoginStepDefinitions.open_browser()"},"keyword":"Given "},{"result":{"duration":6602935700,"status":"passed"},"line":15,"name":"Enter the URL\"https://practice.automationtesting.in/\"","match":{"location":"stepDefinitions.MyAccountLoginStepDefinitions.enter_the_url_https_practice_automationtesting_in()"},"keyword":"When "},{"result":{"duration":805553500,"status":"passed"},"line":16,"name":"click on MyAccount Menu","match":{"location":"stepDefinitions.MyAccountLoginStepDefinitions.click_on_my_account_menu()"},"keyword":"And "},{"result":{"duration":322901200,"status":"passed"},"line":17,"name":"Enter the valid username \"username1\" and password \"password1\"","match":{"arguments":[{"val":"\"username1\"","offset":25},{"val":"\"password1\"","offset":50}],"location":"stepDefinitions.MyAccountLoginStepDefinitions.enter_the_valid_username_and_password(java.lang.String,java.lang.String)"},"keyword":"And "},{"result":{"duration":630861100,"status":"passed"},"line":18,"name":"Click on Login buttona","match":{"location":"stepDefinitions.MyAccountLoginStepDefinitions.click_on_login_buttona()"},"keyword":"And "},{"result":{"error_message":"org.openqa.selenium.NoSuchElementException: no such element: Unable to locate element: {\"method\":\"xpath\",\"selector\":\"//a[text()='Sign out']\"}\n  (Session info: chrome=120.0.6099.71)\nFor documentation on this error, please visit: https://selenium.dev/exceptions/#no_such_element\nBuild info: version: '4.8.3', revision: 'e5e76298c3'\nSystem info: os.name: 'Windows 10', os.arch: 'amd64', os.version: '10.0', java.version: '17'\nDriver info: org.openqa.selenium.chrome.ChromeDriver\nCommand: [aa339049e9b46474734d5855d581a5df, findElement {using=xpath, value=//a[text()='Sign out']}]\nCapabilities {acceptInsecureCerts: false, browserName: chrome, browserVersion: 120.0.6099.71, chrome: {chromedriverVersion: 120.0.6099.71 (9729082fe617..., userDataDir: C:\\Users\\MURUGA~1\\AppData\\L...}, fedcm:accounts: true, goog:chromeOptions: {debuggerAddress: localhost:64593}, networkConnectionEnabled: false, pageLoadStrategy: normal, platformName: WINDOWS, proxy: Proxy(), se:cdp: ws://localhost:64593/devtoo..., se:cdpVersion: 120.0.6099.71, setWindowRect: true, strictFileInteractability: false, timeouts: {implicit: 0, pageLoad: 300000, script: 30000}, unhandledPromptBehavior: dismiss and notify, webauthn:extension:credBlob: true, webauthn:extension:largeBlob: true, webauthn:extension:minPinLength: true, webauthn:extension:prf: true, webauthn:virtualAuthenticators: true}\nSession ID: aa339049e9b46474734d5855d581a5df\r\n\tat java.base/jdk.internal.reflect.NativeConstructorAccessorImpl.newInstance0(Native Method)\r\n\tat java.base/jdk.internal.reflect.NativeConstructorAccessorImpl.newInstance(NativeConstructorAccessorImpl.java:77)\r\n\tat java.base/jdk.internal.reflect.DelegatingConstructorAccessorImpl.newInstance(DelegatingConstructorAccessorImpl.java:45)\r\n\tat java.base/java.lang.reflect.Constructor.newInstanceWithCaller(Constructor.java:499)\r\n\tat java.base/java.lang.reflect.Constructor.newInstance(Constructor.java:480)\r\n\tat org.openqa.selenium.remote.codec.w3c.W3CHttpResponseCodec.createException(W3CHttpResponseCodec.java:200)\r\n\tat org.openqa.selenium.remote.codec.w3c.W3CHttpResponseCodec.decode(W3CHttpResponseCodec.java:133)\r\n\tat org.openqa.selenium.remote.codec.w3c.W3CHttpResponseCodec.decode(W3CHttpResponseCodec.java:53)\r\n\tat org.openqa.selenium.remote.HttpCommandExecutor.execute(HttpCommandExecutor.java:193)\r\n\tat org.openqa.selenium.remote.service.DriverCommandExecutor.invokeExecute(DriverCommandExecutor.java:183)\r\n\tat org.openqa.selenium.remote.service.DriverCommandExecutor.execute(DriverCommandExecutor.java:158)\r\n\tat org.openqa.selenium.remote.RemoteWebDriver.execute(RemoteWebDriver.java:543)\r\n\tat org.openqa.selenium.remote.ElementLocation$ElementFinder$2.findElement(ElementLocation.java:162)\r\n\tat org.openqa.selenium.remote.ElementLocation.findElement(ElementLocation.java:60)\r\n\tat org.openqa.selenium.remote.RemoteWebDriver.findElement(RemoteWebDriver.java:352)\r\n\tat org.openqa.selenium.remote.RemoteWebDriver.findElement(RemoteWebDriver.java:344)\r\n\tat stepDefinitions.MyAccountLoginStepDefinitions.user_must_be_successfully_loged_into_the_we_page(MyAccountLoginStepDefinitions.java:59)\r\n\tat ✽.user must be successfully loged into the we page(file:///C:/Users/Murugan%20Kiran/eclipse-workspace/Cucumberproject/Features/MyAccount-Login.feature:19)\r\n","duration":32504600,"status":"failed"},"line":19,"name":"user must be successfully loged into the we page","match":{"location":"stepDefinitions.MyAccountLoginStepDefinitions.user_must_be_successfully_loged_into_the_we_page()"},"keyword":"Then "}]}],"name":"MyAccount -Login Feature","description":"Description: This Feature will test the  login functionality of the website","id":"myaccount--login-feature","keyword":"Feature","uri":"file:Features/MyAccount-Login.feature","tags":[]}]